<?xml version="1.0" encoding="UTF-8"?>
<!-- Generated by org.testng.reporters.JUnitReportReporter -->
<testsuite hostname="DESKTOP-4HN56NV" failures="0" tests="1" name="com.example.testng.Delete" time="20.651" errors="0" timestamp="2022-10-13T11:46:32 IST" skipped="0">
  <testcase classname="com.example.testng.Delete" name="delete" time="20.651"/>
  <system-out/>
</testsuite> <!-- com.example.testng.Delete -->
